TN:
SF:C:\Users\micha\anaconda3\envs\mypy\Lib\site-packages\unipolator\__init__.py
DA:3,1,RganlDfAaTuyt23BTsgefA
DA:5,1,Cmno95QlDam01LJV0CJeng
DA:6,1,iiNcpyJYG6tT26fIPAI/FQ
DA:7,1,LzR0dZEDXQKFJ3h4c8nguQ
DA:8,1,T9gu8CXQ/ZBFplLTrKCqDQ
DA:10,1,mQtDVFavA6VWfnC7NLUpWw
DA:11,1,r4yI8jSFLxTOVxZM8PMoBw
DA:13,1,DBWz9tQns+oaiCl+RkRWkQ
DA:14,1,Id7DhBKGV6Q3pmU7kYC0Xw
DA:15,1,dxQu48tyRlFgojOY+eIJWQ
LF:10
LH:10
end_of_record
TN:
SF:C:\Users\micha\anaconda3\envs\mypy\Lib\site-packages\unipolator\autobinning.py
DA:1,1,IWWjrCeOtk8NNtrE95++2g
DA:2,1,01iWg32NCOZRWxZm9qANow
DA:3,1,Hwo9tgyEDJlKL8zEloXmLw
DA:7,1,l/Du5qb9o4SOJk3YMkEkSg
DA:10,1,CmcJrz1gKNRVzQyestt+Hg
DA:16,1,yqhTgOmZ4Sv/czXYAt5EvA
DA:22,1,Kdyme120h4gh9wFjewkpXA
DA:25,1,SpX0/Tn9f5Y71yZCbYrTLw
DA:30,1,Tjrxdd9x/49ezfW5C/Vsrg
DA:33,1,MtGjStr/3CtR908JWamfDw
DA:39,1,VAP5bBEZ/U2oBREe7K8+6Q
DA:43,1,25zBGvaoOzQ9rxpMo4jo6A
DA:48,1,HpeA3dIgBNFlqg5WeNCZ6Q
DA:55,1,BOiQvvbZOaRX4SbpuIYBjQ
DA:61,1,n1SvfWoIVrTAwRqlB8o5og
DA:95,1,qSwOj+g9BvOh+XGT0GwYoQ
DA:107,1,NeeU1StK55EE2+2bgv6B6A
DA:112,1,9zkDkvREiz5OTy4lifzEvA
DA:120,1,L9HvF/e5aU5H3ihnAd0tBQ
DA:174,1,iSJk+b0KXlMuHUhrIG2tVg
DA:194,1,o7dABiRtHDY9T6gzFIQ9jg
DA:208,1,/2MSQd68O8BN3VbIM3kYSg
DA:212,1,P7FLJGYcqT73XhG20VHGGQ
DA:224,1,vaIYb9b4dfnWpdWcImv77Q
DA:239,1,7h3q2vgTVafkMs5JgnGeQg
DA:253,1,vNIdSsst22rY8VfeTWtoCw
DA:275,1,REprBu3DPd3G8qrYgWJQJw
DA:310,1,wlvubkzlEJzF6gPQQPExOw
DA:326,1,PKPGMUn1QC25krHH0oJEUA
DA:339,1,BKLG5XsG8CUpNp3bSS3k0Q
DA:351,1,uoWk4awVQdK+U52oNY8VNg
DA:363,1,g6UU4MzZYR5V3nNqKPwSqg
DA:390,1,GraMgsOe1deWZc7lz/cCGQ
DA:436,1,Pn4hJXil1ATZ4yfWvcQNoA
DA:8,0,1bBSB/+6yBhqTRsX8gJKdw
DA:11,0,hyiBGu7+9CNh9c2uCAkzJg
DA:12,0,5IOvBNyjv3T0w3j8MgAbQA
DA:13,0,cZPMHP9tB5DrK1VbZAlMsg
DA:14,0,M1OlaQoq8VJBFTzBUyUGnQ
DA:17,0,hyiBGu7+9CNh9c2uCAkzJg
DA:18,0,yKEYybwWKzl7oamULQgBuw
DA:19,0,5IOvBNyjv3T0w3j8MgAbQA
DA:20,0,EILJdgUsSMnuvR2EA1WPBA
DA:21,0,HMKh5AfyYPEMU5DfxPi6uQ
DA:23,0,YnfAKI0dvVKbnx5iNVFlFg
DA:24,0,IKgXN2xC4CoJ9SbyM554Og
DA:26,0,kmCWPVjds+Mxevc/Ue3LRg
DA:27,0,ZB7hopkJ60Jc1b+d+3ttSA
DA:31,0,5eYJ/Fw3++xIvaoFdGdHAA
DA:32,0,Ph+Dg3MEh6WF+WsUulVRRA
DA:34,0,hyiBGu7+9CNh9c2uCAkzJg
DA:35,0,yKEYybwWKzl7oamULQgBuw
DA:36,0,5IOvBNyjv3T0w3j8MgAbQA
DA:37,0,U/mjQlwxJu6+g0Ri0dav1g
DA:38,0,HMKh5AfyYPEMU5DfxPi6uQ
DA:40,0,M7OxoWvbQmleGkUMPLNkDQ
DA:41,0,tXUd81M/vBwK7N3oc1b85w
DA:44,0,M7OxoWvbQmleGkUMPLNkDQ
DA:45,0,ZrwS7ButEca3ekkH+YR1yA
DA:49,0,k4ruBDU+UWjkI0tsU0VSpg
DA:50,0,qQekXAfCXWdZGHXnLmM6Eg
DA:51,0,Orno13AKq26CAZcQkXMwkw
DA:52,0,+CIXvIj5mjD/8KJ7H8TieA
DA:56,0,dF/NOs5KXoLWE15F2YfdhA
DA:57,0,kmCWPVjds+Mxevc/Ue3LRg
DA:58,0,uPnpNt6Y4C5vXkliu+SeKQ
DA:62,0,SaQb/5zs261WYzhzVmVegQ
DA:63,0,il6sUuYkXYclNTZQPdO0tQ
DA:64,0,imiuAofRwbjjxSdTk5y7BQ
DA:65,0,0famNnvV0zLNR4eeJr+plw
DA:66,0,VTQKtaoxWUpkS/eE8MzgKg
DA:67,0,QjAUJwtKnLmfSsqV9C1IHA
DA:68,0,1ucm3pAmD2fTR+YL4QD4GQ
DA:69,0,J28SA6hXB20ZZ1qsWybzRQ
DA:70,0,kCV+Z6qFxFcADlJ2YO9CnQ
DA:71,0,fgUQfDLZv53mhkAjtsarig
DA:72,0,xSBuCdRgArzRPGASDh22AQ
DA:73,0,N9DT+/8a/HLubOWY4daxQg
DA:74,0,SiY1flUrC+fNGl4b6dcC1w
DA:75,0,ElKdiZCCba/WDX2rpYumvQ
DA:76,0,VwHpjiCDSoNUE9P+fxss5A
DA:77,0,ooddxmxSnwDi+Pys8xbEXA
DA:78,0,F00MRExI2gyGR/5fxaWx9A
DA:79,0,kCV+Z6qFxFcADlJ2YO9CnQ
DA:80,0,fgUQfDLZv53mhkAjtsarig
DA:81,0,wHY52IniMY1UuH5RDwGlCg
DA:82,0,swJoGhKIgDnE+UTuqQVIUQ
DA:83,0,pR63H82PQNwarsqiDwDHbg
DA:84,0,sQOG+lXUWBC2yo/S41hlQQ
DA:85,0,oKIhB+TV3cdv6xa83mYukw
DA:86,0,ZTVVyKQZIA/l1af2RZ4cnQ
DA:87,0,voabeDzd1b3dEhlI3F3eUQ
DA:88,0,iMrLWeMxzLt7BzUxM6Fqpw
DA:89,0,yjnbmmO+L/V+UyKykZsuYg
DA:90,0,Eg9F4F3vqG9CGNIp0hUINg
DA:91,0,e9iSsJEV+hEHTVYm4XX0WA
DA:96,0,vrxzMmmseBjfGIdeXGej1Q
DA:97,0,JwUT0YQj5b45c4ZrqTfYag
DA:98,0,/HtepFAbk0YqUaicspeYkQ
DA:99,0,bPA32JfJ3Lsxu7r/SPPzcg
DA:100,0,kCV+Z6qFxFcADlJ2YO9CnQ
DA:101,0,3tH+ujJMVdYq+K2V1xZA9A
DA:102,0,TmM67qem2rrePvuqYaz7XA
DA:103,0,+7V/dLLyHcBlk4sooSv0rQ
DA:104,0,f/yHFYXyN8fduZDPWp2FdA
DA:105,0,ZmmYal3KEzN8T1b0hUorlA
DA:108,0,t+jSPYScARnMLomxr4Gwjw
DA:109,0,wYewul3LV6Tqipv1sG0uyg
DA:110,0,uRGeThrvxGpbeHfxo0F1GQ
DA:113,0,ZLlHSQbr5CyjyVSRkwddAw
DA:114,0,iet1dBfj2s5iv+nVfYtQog
DA:115,0,GK9NHJvmOjXjM/LKheZ7xA
DA:116,0,zFQcNjfaGBlvfkw1pXo6Wg
DA:124,0,9XF8w6IHXIG3PpGgQP0GWA
DA:125,0,GmeHfLoe78cY7F2pWSJarg
DA:126,0,l5Ykjdvvf0c33M0DJJsvOg
DA:127,0,7BdgIMS0mlzvpzJKqDpwXQ
DA:128,0,zi3dm9qI6LZMseqAvw7g+Q
DA:129,0,ssBpa0GxZT7uZkG59o128Q
DA:130,0,puIzZ1BbAdSCq16MAws3hA
DA:131,0,+R+dhZFtwU7nESLxkSrSoQ
DA:132,0,0aABM8FMxkoskjRu2cKz6g
DA:133,0,jyq6jwG9tX/UnnILIFESSA
DA:135,0,6+VgIJ1z+v4o77jVx80c6g
DA:136,0,TVhaHy/ymBh2XQvKzIFDbQ
DA:137,0,ebwy+EKnqlSErbbxt9EHSg
DA:138,0,iCsud4ML2sA/dYQ/3+f0xw
DA:139,0,ag/sQsuviiK/jJqJZ2eq3A
DA:140,0,7BdgIMS0mlzvpzJKqDpwXQ
DA:141,0,9a5RL+6BvS9br+vBc4PaUw
DA:142,0,YV2tgzr3KCNbLVXAWZOZfQ
DA:143,0,pPw4srE+PgGw7zJVQbbAwg
DA:144,0,voEECscVyMiqqqE6Zge3Tg
DA:145,0,9a5RL+6BvS9br+vBc4PaUw
DA:146,0,fX2+jfyt6v1YB0bzemJ6+g
DA:147,0,bBDrirSquTpaBTjioVaBHg
DA:148,0,kr5kVZgxtoAyDBLejPs/9A
DA:149,0,KIg4MPUhcjuy0fjbo50OOA
DA:150,0,eBNeOwgvNKfGGWUkRjkwJQ
DA:151,0,jPSeMI6aGxd36bAgfY5MsA
DA:152,0,2Ouqwp1FSNdY8ptbT45vTQ
DA:153,0,iga0BEpZL1e1wi0Kh57zFw
DA:154,0,cQBTjSYyRQ05G+fHTV69Rg
DA:155,0,VNH1kh6ZE/MTPhkvlXVxJw
DA:157,0,QJqN+/HMr4Jg8mVmgJWV9Q
DA:158,0,+2GyJVssOrM3kGmm//WUeQ
DA:159,0,OaGQS87MBfvbpTZ3ixlZyw
DA:160,0,ssBpa0GxZT7uZkG59o128Q
DA:161,0,HNWoewO6Epq85buhiJibHA
DA:162,0,7f/YIIqM4ymDWduqzyT6Cw
DA:163,0,IJd6ynE8nG2UrPuYDN2OwQ
DA:164,0,Byt9aZWprN5FK6VwkeYdFQ
DA:165,0,5xwNh9SZixLjQcMQnySWyg
DA:167,0,0aABM8FMxkoskjRu2cKz6g
DA:168,0,sHHyWSONdQTakAXl48Cvuw
DA:169,0,Mqz0eadWvFtKVPs9ASylwA
DA:170,0,X4rffur8+QCUZYCIIcPKtg
DA:171,0,r/sYrf07q+SrKD6Hbsb2cQ
DA:172,0,f6mj0p6iaitCSXeY/QaGBw
DA:175,0,IcX3dBYFOHbxM2DUJSmziA
DA:176,0,622Rx5q6hqYauMfxK9qQ5w
DA:177,0,Faf1aA2HItPQGbkxEYopUg
DA:178,0,ui50k4P/3Uaqxjhk+Q910g
DA:179,0,Cw02+tLwwShF8hqkyha5jw
DA:180,0,sdPab/hq+FikcIufcipYsg
DA:181,0,MxQ5utdO7AoLZbxKjnTp8Q
DA:183,0,dfqXbcbYsrYBzG9QuuxOnA
DA:184,0,hBITxOMWzX6TOpIjwHpn2Q
DA:185,0,H7hH2PEGh19UVTke9k15Mw
DA:186,0,lJdwh5SfZ/uQA68OO1PK1Q
DA:187,0,dQgSBrIoT1oFRG93v3/ZJw
DA:188,0,ycCmcjcqdW3wH9pM6jJg8g
DA:189,0,L1zgsIGA0+hLfYFnlSf8Bg
DA:190,0,UhzmZ+mS5ZvfEZkMpHITxQ
DA:191,0,n8r9vEL7mmk0L3KEw4fWpw
DA:192,0,oano0Vk4WUZrhHRUy1n1tA
DA:195,0,sdPab/hq+FikcIufcipYsg
DA:196,0,MxQ5utdO7AoLZbxKjnTp8Q
DA:197,0,dhr8wP3cKYcEh8m+XpST4Q
DA:198,0,OB0dAs1I8aZ088AbiWYCxQ
DA:199,0,NL4vrZV8O8C5ZSG2YZgSRQ
DA:200,0,Gtgq/MwdTMKZJXBom+OKHA
DA:201,0,/TP28QVxsn467O264Tm7iw
DA:202,0,SF0fzOc5h4hnbJe56F6bKw
DA:203,0,RSVHx7cq2Z9nUJWXL/rZ/g
DA:204,0,1IHHNNIQ/bJXHHhIu1s5bA
DA:205,0,MjZny4f46pn1qQ1SPrAC8Q
DA:206,0,AexTfISHsWDuRw3/PziRhQ
DA:209,0,GJoAX1cpNjgk+wrGT4bTwQ
DA:214,0,11gYHl/2NzFE+iEBX24RrQ
DA:215,0,cc+UVOnd1TLEYVcEOAQm0Q
DA:216,0,u+FyQk2Bzmi6J395DtFtDw
DA:217,0,0MnAlXt0lH7dpIekfmpB1g
DA:218,0,TZES6JD8gxouxXg7RMZgLQ
DA:219,0,6RUO00MvPYB289+kpjV4Rg
DA:221,0,0uLDrOW1pqZScFZcfXmJ1g
DA:222,0,I/+/FyPV2ct7nzrsNIfOXw
DA:226,0,11gYHl/2NzFE+iEBX24RrQ
DA:227,0,n2O/VzMKz9+uRsPPo8nXBQ
DA:228,0,ECdSIeknhyU3XhIYavGTLQ
DA:229,0,kCV+Z6qFxFcADlJ2YO9CnQ
DA:230,0,KavCLHqwzvO5qu6N3zW2Lg
DA:231,0,7ZqWnv5JCzfTtQzEWXzRig
DA:232,0,+pcuH0kG0gAHDAr+jNJqlQ
DA:234,0,WlgEfODVp5zDKGXzCj+vHQ
DA:235,0,TLJ2n5fHpddESCRxdC8uWg
DA:236,0,j5XAOmv5SHwnHksuAlhX8Q
DA:237,0,d9/aVtoWCQhjHh4WqJ71lg
DA:241,0,sgOmZQI9so44bXNZ/S45Sw
DA:242,0,ECdSIeknhyU3XhIYavGTLQ
DA:243,0,kCV+Z6qFxFcADlJ2YO9CnQ
DA:244,0,KavCLHqwzvO5qu6N3zW2Lg
DA:245,0,7ZqWnv5JCzfTtQzEWXzRig
DA:246,0,+pcuH0kG0gAHDAr+jNJqlQ
DA:248,0,WlgEfODVp5zDKGXzCj+vHQ
DA:249,0,1CfbvsxRmPBxWf/t4PYcTA
DA:250,0,vtBb07AHRhqOGJOcsuQ7Qg
DA:251,0,d9/aVtoWCQhjHh4WqJ71lg
DA:255,0,sgOmZQI9so44bXNZ/S45Sw
DA:256,0,a/XHBaZTQILW689cM4wF0A
DA:257,0,maDdgbt3J5yPi8GVDdsCew
DA:258,0,wfUdC9GlVz2D3lQOhMNxxQ
DA:259,0,Uckiyh81xwVgOlnr43IesQ
DA:261,0,WCFDKYklAzGqw9/CE5ILiw
DA:262,0,C4Hy7egqMR3KW+VQ9dM/og
DA:264,0,3ws7mbfcEfesgC0wHqirvQ
DA:265,0,EIIp/G4ij2jj0Af/Ie6smw
DA:266,0,0ACk+OyqOAT1gvJOmXnfyA
DA:267,0,jucyTS4V2DMK09rS8gmEDA
DA:268,0,9pKOm8zXq+6/qOYvVQjEww
DA:271,0,K8KfYBdMPEd1l/oXa56p+Q
DA:272,0,oJ9dspT9g35TWR8P66wsPQ
DA:273,0,6PShxWe+Jq2kjd5DJk8+cw
DA:274,0,+BrjRfX7o744IyErVnqk1Q
DA:277,0,ohGCIIa+Bfe1Y507TiqhUw
DA:278,0,sgOmZQI9so44bXNZ/S45Sw
DA:279,0,ih8lhchLwQjtcnRP9diK3Q
DA:280,0,N1q2Ep2JyPy6+9N6uW9vKw
DA:281,0,MUPOplF2fIeupLfPB/41ig
DA:282,0,ZdakSGwj8EjHzB30su/Prw
DA:283,0,sCdZtRpgMb7x8eZmV/BFNw
DA:284,0,9hdMM9siEkpVXw8sXykrLQ
DA:286,0,9a5RL+6BvS9br+vBc4PaUw
DA:287,0,lDtevwFhyASjBkSDGqxc0g
DA:288,0,WlgEfODVp5zDKGXzCj+vHQ
DA:289,0,whUzgAOrGnrRm+ydckc/LQ
DA:290,0,YV+Wc86z/zbwYQZbtGQkfA
DA:292,0,zYYzsjjZi0fuLbtWQT2q4g
DA:294,0,K/qOJVDXGf2S1XR2lt4SPA
DA:296,0,B7NI2Yi1KYS6SfHAk/EiGg
DA:297,0,iMlJcebcWaoF6EDXKtlkAA
DA:298,0,koO1WRmTWxUT85OynGLbLw
DA:299,0,NffHWgb2ezYvEADNWZ9uWg
DA:300,0,bsHTkAFSsR+lSBMuAzh6iA
DA:301,0,3fIo5JZYgG/Bwmg9JIjJFA
DA:302,0,6mZZalIx2kx8YDFW0MkZng
DA:303,0,tF5pWolCbDs0H02yy6Q/Ug
DA:305,0,IpO4awgIMvn7lyTl2azvKw
DA:307,0,R1CM/xR7S9TnLpMAr3eFqw
DA:308,0,+BrjRfX7o744IyErVnqk1Q
DA:312,0,o6TcrepIEMlBjdUosaezHw
DA:313,0,HhhNJa9hj878/NKklQbNwA
DA:315,0,s5Q3V7X86it2/VZ1O3XyPw
DA:316,0,x879ACm6P0fy/kV/2Di8Uw
DA:317,0,DvM0oFodAzRQpdc5EPOe0A
DA:319,0,Hmf1hu9lXovPfu+LqEcwXg
DA:320,0,ViYvzABgp4IsOMiiM1FyOw
DA:321,0,uf4FMjGObyHdp+Yvr9nZFw
DA:322,0,iwVGMjxvDWT39VezrZYkqQ
DA:323,0,QHAleYU1SDz5HsiytsWrfg
DA:324,0,BRF20ZVqBDInQeUeQrjIQA
DA:327,0,mzkAp3MlXC0fR/F72sgihA
DA:328,0,IhhRvtPKaKBra/R1DDbJfQ
DA:329,0,uUvF7xDeFUm2MJWgKdNCNw
DA:330,0,/3VIheiEMuruofvp/JxvFg
DA:331,0,kCV+Z6qFxFcADlJ2YO9CnQ
DA:332,0,RPgO6j2246SBAvXIOudiQg
DA:333,0,rY/+p+RuPRtLLKs0PXDDEA
DA:334,0,OGONaup+Hvmn0l6v1ZJARA
DA:335,0,jpc4pM6DvH+B+XPdcuMEVQ
DA:336,0,Hup18YSutfmj3RfVqiDjpQ
DA:337,0,BRF20ZVqBDInQeUeQrjIQA
DA:340,0,sdPab/hq+FikcIufcipYsg
DA:341,0,MxQ5utdO7AoLZbxKjnTp8Q
DA:342,0,yh2XWt0DxynWM0JbvJlKQQ
DA:343,0,Gtgq/MwdTMKZJXBom+OKHA
DA:344,0,cMSmrhNKBWoiT/t0y27K6g
DA:345,0,/6eDfnxVAbSxX0PNTS7qCg
DA:346,0,flsN1NXXRtEOvsUr2+Smpg
DA:347,0,1IHHNNIQ/bJXHHhIu1s5bA
DA:348,0,qGqEH8lT98gqpRrxhHSweA
DA:349,0,AexTfISHsWDuRw3/PziRhQ
DA:352,0,sdPab/hq+FikcIufcipYsg
DA:353,0,MxQ5utdO7AoLZbxKjnTp8Q
DA:354,0,yh2XWt0DxynWM0JbvJlKQQ
DA:355,0,Gtgq/MwdTMKZJXBom+OKHA
DA:356,0,a4V5egeD+cA23g/A3Koovg
DA:357,0,kQK4PTtlJquNGMt/rjkMyg
DA:358,0,zkXdkR3ntqo9HmIJ+FhYzg
DA:359,0,bEYdjCKPWVQa7efXELkIpg
DA:360,0,AexTfISHsWDuRw3/PziRhQ
DA:365,0,oxRiCR3jHvx2nTXTK8Gzlw
DA:366,0,HzC+ee96jp6GW7OGF/hDpg
DA:367,0,1qjSAsmk/uTfZzVtOnSzIQ
DA:368,0,elxAwfCmTiYVRyoLRq8GcQ
DA:369,0,0drBXcW9VhtSz3IImjUyHw
DA:370,0,c9sUdRD7F99o71xzYdsckQ
DA:371,0,H68fzuaxlNMnSkdiIr4ZjA
DA:373,0,9lDqSpBnRCBczlIK4FgaXA
DA:374,0,/hUINqTcjy8VRMbIIYJXug
DA:375,0,Mdqq4V0MUSaTcwEOpC4aoQ
DA:376,0,8z2xpHhjmptib9G1z3EPGg
DA:377,0,kmxPx+NaC1CNjTKR8APU5w
DA:378,0,vmvMaXE/5EDS0YHjDKBSQw
DA:379,0,xQfkeHTuNoHsPxqnJkjQZg
DA:381,0,F2Y/Tv4avb+2LN+Lxe27sg
DA:382,0,34G0AjR3Yx1CC/2vblqReA
DA:384,0,4vdYCY0rwIOdXvyxdPjWuw
DA:385,0,SJaIrrgHZpZtSB0woanFhA
DA:386,0,lvPEZxdg1R+h3d2dKTIMcg
DA:387,0,qxpB76BDNL2yljT2g3G0Og
DA:393,0,sdPab/hq+FikcIufcipYsg
DA:394,0,MxQ5utdO7AoLZbxKjnTp8Q
DA:395,0,/KJ5aOnMdxMfOd9S45OuYg
DA:397,0,Re92MFbEOrNRymXhSdTLRA
DA:400,0,/TP28QVxsn467O264Tm7iw
DA:401,0,3JoloQWS6FQ1OhLL+63zog
DA:404,0,53IkDkakDbpfIOy3osQ0+g
DA:405,0,iM82Ea4vObvPdHF9mfPh3w
DA:406,0,HDFPAvBJTpDAj9Tj1QcEqQ
DA:407,0,dUJS08gGr7J4Yykt7twFRA
DA:408,0,f7swv0oGiycRJ9tOYvbCIg
DA:409,0,rSva9DUSDLWrDzXP/v0G3Q
DA:410,0,KOIx2bGaG4uK2FsbLCZdHA
DA:411,0,/d8ABDSWYJZ1WK/CUFcJEw
DA:412,0,cAmkiaqRbDmMrVvEWs/KPA
DA:416,0,NBqqVg4iIorrk5xOGZW1bg
DA:417,0,W57udYf7MVYYMgr/1zkcwg
DA:418,0,OZliGks+1pKlibQRVUk6uA
DA:420,0,NFmpSPAZEZueSG+klzt3QA
DA:421,0,ssw0F6r+Yffzs+eHB3+07A
DA:422,0,mxV1n2+kY0w1t4I+E1bghA
DA:423,0,CCdEY+BTg2yWqPP3IFIotA
DA:424,0,F2c4MhCHmurG55dC4Ie5oQ
DA:425,0,DMIs0VYaO7cOrS98VKwJbw
DA:426,0,mG66De0MBXu6KGmQerGV2w
DA:427,0,nn+HZck5BqTBYR8/OuyQaQ
DA:428,0,p/O9jzhft7jvB9p1HwQC6A
DA:429,0,LmvSsdXPxSPV5rqg+2cPMQ
DA:430,0,7HKJT6jt1Ec6RyBiGI+qdg
DA:431,0,vuVUog5KXVa12gMrf2en+w
DA:432,0,SKrzZOo5FFpILeV0PRO1zA
DA:433,0,+BrjRfX7o744IyErVnqk1Q
DA:437,0,P/jTmmrU3QfFYO6ELVX94g
DA:438,0,IC0Hqw7Yz/Ri8gQM+8CUZw
DA:439,0,QAiH2ufzAOs1+zfvODPfsw
DA:440,0,JRUfgoSrvwfsGFR9bvCvAg
DA:441,0,x1OGGkF80o4WYTOLMcyp2Q
DA:442,0,Z+1O9kffavXkqoTxcfV4Pw
LF:359
LH:34
end_of_record
